[0.095s] DEBUG:colcon:Command line arguments: ['/usr/bin/colcon', 'build', '--symlink-install']
[0.095s] DEBUG:colcon:Parsed command line arguments: Namespace(log_base=None, log_level=None, verb_name='build', build_base='build', install_base='install', merge_install=False, symlink_install=True, test_result_base=None, continue_on_error=False, executor='parallel', parallel_workers=20, event_handlers=None, ignore_user_meta=False, metas=['./colcon.meta'], base_paths=['.'], packages_ignore=None, packages_ignore_regex=None, paths=None, packages_up_to=None, packages_up_to_regex=None, packages_above=None, packages_above_and_dependencies=None, packages_above_depth=None, packages_select_by_dep=None, packages_skip_by_dep=None, packages_skip_up_to=None, packages_select_build_failed=False, packages_skip_build_finished=False, packages_select_test_failures=False, packages_skip_test_passed=False, packages_select=None, packages_skip=None, packages_select_regex=None, packages_skip_regex=None, packages_start=None, packages_end=None, cmake_args=None, cmake_target=None, cmake_target_skip_unavailable=False, cmake_clean_cache=False, cmake_clean_first=False, cmake_force_configure=False, ament_cmake_args=None, catkin_cmake_args=None, catkin_skip_building_tests=False, mixin_files=None, mixin=None, verb_parser=<colcon_mixin.mixin.mixin_argument.MixinArgumentDecorator object at 0x73a3eda8c880>, verb_extension=<colcon_core.verb.build.BuildVerb object at 0x73a3eda8c3d0>, main=<bound method BuildVerb.main of <colcon_core.verb.build.BuildVerb object at 0x73a3eda8c3d0>>, mixin_verb=('build',))
[0.175s] Level 1:colcon.colcon_core.package_discovery:discover_packages(colcon_meta) check parameters
[0.176s] INFO:colcon.colcon_metadata.package_discovery.colcon_meta:Using configuration from '/root/.colcon/metadata/default/Gazebo.meta'
[0.176s] INFO:colcon.colcon_metadata.package_discovery.colcon_meta:Using configuration from '/root/.colcon/metadata/default/fastdds.meta'
[0.177s] INFO:colcon.colcon_metadata.package_discovery.colcon_meta:Using configuration from '/root/.colcon/metadata/default/fastrtps.meta'
[0.177s] Level 1:colcon.colcon_core.package_discovery:discover_packages(recursive) check parameters
[0.177s] Level 1:colcon.colcon_core.package_discovery:discover_packages(ignore) check parameters
[0.177s] Level 1:colcon.colcon_core.package_discovery:discover_packages(path) check parameters
[0.177s] Level 1:colcon.colcon_core.package_discovery:discover_packages(colcon_meta) discover
[0.177s] Level 1:colcon.colcon_core.package_discovery:discover_packages(recursive) discover
[0.177s] INFO:colcon.colcon_core.package_discovery:Crawling recursively for packages in '/workspace/b2_ws'
[0.177s] Level 1:colcon.colcon_core.package_identification:_identify(.) by extensions ['ignore', 'ignore_ament_install']
[0.177s] Level 1:colcon.colcon_core.package_identification:_identify(.) by extension 'ignore'
[0.177s] Level 1:colcon.colcon_core.package_identification:_identify(.) by extension 'ignore_ament_install'
[0.177s] Level 1:colcon.colcon_core.package_identification:_identify(.) by extensions ['colcon_pkg']
[0.177s] Level 1:colcon.colcon_core.package_identification:_identify(.) by extension 'colcon_pkg'
[0.177s] Level 1:colcon.colcon_core.package_identification:_identify(.) by extensions ['colcon_meta']
[0.177s] Level 1:colcon.colcon_core.package_identification:_identify(.) by extension 'colcon_meta'
[0.177s] Level 1:colcon.colcon_core.package_identification:_identify(.) by extensions ['ros']
[0.177s] Level 1:colcon.colcon_core.package_identification:_identify(.) by extension 'ros'
[0.184s] Level 1:colcon.colcon_core.package_identification:_identify(.) by extensions ['cmake', 'python']
[0.184s] Level 1:colcon.colcon_core.package_identification:_identify(.) by extension 'cmake'
[0.184s] Level 1:colcon.colcon_core.package_identification:_identify(.) by extension 'python'
[0.184s] Level 1:colcon.colcon_core.package_identification:_identify(.) by extensions ['python_setup_py']
[0.184s] Level 1:colcon.colcon_core.package_identification:_identify(.) by extension 'python_setup_py'
[0.184s] Level 1:colcon.colcon_core.package_identification:_identify(build) by extensions ['ignore', 'ignore_ament_install']
[0.184s] Level 1:colcon.colcon_core.package_identification:_identify(build) by extension 'ignore'
[0.184s] Level 1:colcon.colcon_core.package_identification:_identify(build) ignored
[0.184s] Level 1:colcon.colcon_core.package_identification:_identify(install) by extensions ['ignore', 'ignore_ament_install']
[0.184s] Level 1:colcon.colcon_core.package_identification:_identify(install) by extension 'ignore'
[0.184s] Level 1:colcon.colcon_core.package_identification:_identify(install) ignored
[0.184s] Level 1:colcon.colcon_core.package_identification:_identify(log) by extensions ['ignore', 'ignore_ament_install']
[0.185s] Level 1:colcon.colcon_core.package_identification:_identify(log) by extension 'ignore'
[0.185s] Level 1:colcon.colcon_core.package_identification:_identify(log) ignored
[0.185s] Level 1:colcon.colcon_core.package_identification:_identify(src) by extensions ['ignore', 'ignore_ament_install']
[0.185s] Level 1:colcon.colcon_core.package_identification:_identify(src) by extension 'ignore'
[0.185s] Level 1:colcon.colcon_core.package_identification:_identify(src) by extension 'ignore_ament_install'
[0.185s] Level 1:colcon.colcon_core.package_identification:_identify(src) by extensions ['colcon_pkg']
[0.185s] Level 1:colcon.colcon_core.package_identification:_identify(src) by extension 'colcon_pkg'
[0.185s] Level 1:colcon.colcon_core.package_identification:_identify(src) by extensions ['colcon_meta']
[0.185s] Level 1:colcon.colcon_core.package_identification:_identify(src) by extension 'colcon_meta'
[0.185s] Level 1:colcon.colcon_core.package_identification:_identify(src) by extensions ['ros']
[0.185s] Level 1:colcon.colcon_core.package_identification:_identify(src) by extension 'ros'
[0.185s] Level 1:colcon.colcon_core.package_identification:_identify(src) by extensions ['cmake', 'python']
[0.185s] Level 1:colcon.colcon_core.package_identification:_identify(src) by extension 'cmake'
[0.185s] Level 1:colcon.colcon_core.package_identification:_identify(src) by extension 'python'
[0.185s] Level 1:colcon.colcon_core.package_identification:_identify(src) by extensions ['python_setup_py']
[0.185s] Level 1:colcon.colcon_core.package_identification:_identify(src) by extension 'python_setup_py'
[0.185s] Level 1:colcon.colcon_core.package_identification:_identify(src/b2_bridge) by extensions ['ignore', 'ignore_ament_install']
[0.185s] Level 1:colcon.colcon_core.package_identification:_identify(src/b2_bridge) by extension 'ignore'
[0.185s] Level 1:colcon.colcon_core.package_identification:_identify(src/b2_bridge) by extension 'ignore_ament_install'
[0.185s] Level 1:colcon.colcon_core.package_identification:_identify(src/b2_bridge) by extensions ['colcon_pkg']
[0.185s] Level 1:colcon.colcon_core.package_identification:_identify(src/b2_bridge) by extension 'colcon_pkg'
[0.185s] Level 1:colcon.colcon_core.package_identification:_identify(src/b2_bridge) by extensions ['colcon_meta']
[0.185s] Level 1:colcon.colcon_core.package_identification:_identify(src/b2_bridge) by extension 'colcon_meta'
[0.185s] Level 1:colcon.colcon_core.package_identification:_identify(src/b2_bridge) by extensions ['ros']
[0.185s] Level 1:colcon.colcon_core.package_identification:_identify(src/b2_bridge) by extension 'ros'
[0.187s] DEBUG:colcon.colcon_core.package_identification:Package 'src/b2_bridge' with type 'ros.ament_python' and name 'b2_bridge'
[0.187s] Level 1:colcon.colcon_core.package_discovery:discover_packages(recursive) using defaults
[0.187s] Level 1:colcon.colcon_core.package_discovery:discover_packages(ignore) discover
[0.187s] Level 1:colcon.colcon_core.package_discovery:discover_packages(ignore) using defaults
[0.187s] Level 1:colcon.colcon_core.package_discovery:discover_packages(path) discover
[0.187s] Level 1:colcon.colcon_core.package_discovery:discover_packages(path) using defaults
[0.200s] Level 5:colcon.colcon_core.verb:set package 'b2_bridge' build argument 'cmake_args' from command line to 'None'
[0.200s] Level 5:colcon.colcon_core.verb:set package 'b2_bridge' build argument 'cmake_target' from command line to 'None'
[0.201s] Level 5:colcon.colcon_core.verb:set package 'b2_bridge' build argument 'cmake_target_skip_unavailable' from command line to 'False'
[0.201s] Level 5:colcon.colcon_core.verb:set package 'b2_bridge' build argument 'cmake_clean_cache' from command line to 'False'
[0.201s] Level 5:colcon.colcon_core.verb:set package 'b2_bridge' build argument 'cmake_clean_first' from command line to 'False'
[0.201s] Level 5:colcon.colcon_core.verb:set package 'b2_bridge' build argument 'cmake_force_configure' from command line to 'False'
[0.201s] Level 5:colcon.colcon_core.verb:set package 'b2_bridge' build argument 'ament_cmake_args' from command line to 'None'
[0.201s] Level 5:colcon.colcon_core.verb:set package 'b2_bridge' build argument 'catkin_cmake_args' from command line to 'None'
[0.201s] Level 5:colcon.colcon_core.verb:set package 'b2_bridge' build argument 'catkin_skip_building_tests' from command line to 'False'
[0.201s] DEBUG:colcon.colcon_core.verb:Building package 'b2_bridge' with the following arguments: {'ament_cmake_args': None, 'build_base': '/workspace/b2_ws/build/b2_bridge', 'catkin_cmake_args': None, 'catkin_skip_building_tests': False, 'cmake_args': None, 'cmake_clean_cache': False, 'cmake_clean_first': False, 'cmake_force_configure': False, 'cmake_target': None, 'cmake_target_skip_unavailable': False, 'install_base': '/workspace/b2_ws/install/b2_bridge', 'merge_install': False, 'path': '/workspace/b2_ws/src/b2_bridge', 'symlink_install': True, 'test_result_base': None}
[0.201s] INFO:colcon.colcon_core.executor:Executing jobs using 'parallel' executor
[0.201s] DEBUG:colcon.colcon_parallel_executor.executor.parallel:run_until_complete
[0.202s] INFO:colcon.colcon_ros.task.ament_python.build:Building ROS package in '/workspace/b2_ws/src/b2_bridge' with build type 'ament_python'
[0.202s] Level 1:colcon.colcon_core.shell:create_environment_hook('b2_bridge', 'ament_prefix_path')
[0.204s] INFO:colcon.colcon_core.plugin_system:Skipping extension 'colcon_core.shell.bat': Not used on non-Windows systems
[0.204s] INFO:colcon.colcon_core.shell:Creating environment hook '/workspace/b2_ws/install/b2_bridge/share/b2_bridge/hook/ament_prefix_path.ps1'
[0.205s] INFO:colcon.colcon_core.shell:Creating environment descriptor '/workspace/b2_ws/install/b2_bridge/share/b2_bridge/hook/ament_prefix_path.dsv'
[0.205s] INFO:colcon.colcon_core.shell:Creating environment hook '/workspace/b2_ws/install/b2_bridge/share/b2_bridge/hook/ament_prefix_path.sh'
[0.205s] INFO:colcon.colcon_core.shell:Skip shell extension 'powershell' for command environment: Not usable outside of PowerShell
[0.205s] DEBUG:colcon.colcon_core.shell:Skip shell extension 'dsv' for command environment
[0.342s] INFO:colcon.colcon_core.task.python.build:Building Python package in '/workspace/b2_ws/src/b2_bridge'
[0.342s] INFO:colcon.colcon_core.shell:Skip shell extension 'powershell' for command environment: Not usable outside of PowerShell
[0.342s] DEBUG:colcon.colcon_core.shell:Skip shell extension 'dsv' for command environment
[0.591s] DEBUG:colcon.colcon_core.event_handler.log_command:Invoking command in '/workspace/b2_ws/build/b2_bridge': PYTHONPATH=/workspace/b2_ws/build/b2_bridge/prefix_override:/usr/lib/python3/dist-packages/colcon_core/task/python/colcon_distutils_commands:/workspace/b2_ws/install/b2_bridge/lib/python3.10/site-packages:${PYTHONPATH} /usr/bin/python3 -W ignore:setup.py install is deprecated -W ignore:easy_install command is deprecated setup.py develop --editable --build-directory /workspace/b2_ws/build/b2_bridge/build --no-deps symlink_data
[0.826s] Level 1:colcon.colcon_core.shell:create_environment_hook('b2_bridge', 'pythonpath_develop')
[0.827s] INFO:colcon.colcon_core.shell:Creating environment hook '/workspace/b2_ws/build/b2_bridge/share/b2_bridge/hook/pythonpath_develop.ps1'
[0.827s] INFO:colcon.colcon_core.shell:Creating environment descriptor '/workspace/b2_ws/build/b2_bridge/share/b2_bridge/hook/pythonpath_develop.dsv'
[0.827s] INFO:colcon.colcon_core.shell:Creating environment hook '/workspace/b2_ws/build/b2_bridge/share/b2_bridge/hook/pythonpath_develop.sh'
[0.830s] DEBUG:colcon.colcon_core.event_handler.log_command:Invoked command in '/workspace/b2_ws/build/b2_bridge' returned '0': PYTHONPATH=/workspace/b2_ws/build/b2_bridge/prefix_override:/usr/lib/python3/dist-packages/colcon_core/task/python/colcon_distutils_commands:/workspace/b2_ws/install/b2_bridge/lib/python3.10/site-packages:${PYTHONPATH} /usr/bin/python3 -W ignore:setup.py install is deprecated -W ignore:easy_install command is deprecated setup.py develop --editable --build-directory /workspace/b2_ws/build/b2_bridge/build --no-deps symlink_data
[0.833s] Level 1:colcon.colcon_core.environment:checking '/workspace/b2_ws/install/b2_bridge' for CMake module files
[0.833s] Level 1:colcon.colcon_core.environment:checking '/workspace/b2_ws/install/b2_bridge' for CMake config files
[0.834s] Level 1:colcon.colcon_core.environment:checking '/workspace/b2_ws/install/b2_bridge/lib'
[0.834s] Level 1:colcon.colcon_core.environment:checking '/workspace/b2_ws/install/b2_bridge/bin'
[0.834s] Level 1:colcon.colcon_core.environment:checking '/workspace/b2_ws/install/b2_bridge/lib/pkgconfig/b2_bridge.pc'
[0.834s] Level 1:colcon.colcon_core.environment:checking '/workspace/b2_ws/install/b2_bridge/lib/python3.10/site-packages'
[0.834s] Level 1:colcon.colcon_core.shell:create_environment_hook('b2_bridge', 'pythonpath')
[0.834s] INFO:colcon.colcon_core.shell:Creating environment hook '/workspace/b2_ws/install/b2_bridge/share/b2_bridge/hook/pythonpath.ps1'
[0.834s] INFO:colcon.colcon_core.shell:Creating environment descriptor '/workspace/b2_ws/install/b2_bridge/share/b2_bridge/hook/pythonpath.dsv'
[0.834s] INFO:colcon.colcon_core.shell:Creating environment hook '/workspace/b2_ws/install/b2_bridge/share/b2_bridge/hook/pythonpath.sh'
[0.835s] Level 1:colcon.colcon_core.environment:checking '/workspace/b2_ws/install/b2_bridge/bin'
[0.835s] Level 1:colcon.colcon_core.environment:create_environment_scripts_only(b2_bridge)
[0.835s] INFO:colcon.colcon_core.shell:Creating package script '/workspace/b2_ws/install/b2_bridge/share/b2_bridge/package.ps1'
[0.836s] INFO:colcon.colcon_core.shell:Creating package descriptor '/workspace/b2_ws/install/b2_bridge/share/b2_bridge/package.dsv'
[0.836s] INFO:colcon.colcon_core.shell:Creating package script '/workspace/b2_ws/install/b2_bridge/share/b2_bridge/package.sh'
[0.837s] INFO:colcon.colcon_core.shell:Creating package script '/workspace/b2_ws/install/b2_bridge/share/b2_bridge/package.bash'
[0.837s] INFO:colcon.colcon_core.shell:Creating package script '/workspace/b2_ws/install/b2_bridge/share/b2_bridge/package.zsh'
[0.839s] Level 1:colcon.colcon_core.environment:create_file_with_runtime_dependencies(/workspace/b2_ws/install/b2_bridge/share/colcon-core/packages/b2_bridge)
[0.839s] DEBUG:colcon.colcon_parallel_executor.executor.parallel:closing loop
[0.840s] DEBUG:colcon.colcon_parallel_executor.executor.parallel:loop closed
[0.840s] DEBUG:colcon.colcon_parallel_executor.executor.parallel:run_until_complete finished with '0'
[0.840s] DEBUG:colcon.colcon_core.event_reactor:joining thread
[0.845s] INFO:colcon.colcon_core.plugin_system:Skipping extension 'colcon_notification.desktop_notification.notify_send': Could not find 'notify-send'
[0.845s] INFO:colcon.colcon_core.plugin_system:Skipping extension 'colcon_notification.desktop_notification.terminal_notifier': Not used on non-Darwin systems
[0.845s] INFO:colcon.colcon_core.plugin_system:Skipping extension 'colcon_notification.desktop_notification.win32': Not used on non-Windows systems
[0.845s] INFO:colcon.colcon_notification.desktop_notification:Sending desktop notification using 'notify2'
[0.847s] DEBUG:colcon.colcon_notification.desktop_notification.notify2:Failed to initialize notify2: org.freedesktop.DBus.Error.Spawn.ExecFailed: /usr/bin/dbus-launch terminated abnormally without any error message
[0.848s] DEBUG:colcon.colcon_core.event_reactor:joined thread
[0.848s] INFO:colcon.colcon_core.shell:Creating prefix script '/workspace/b2_ws/install/local_setup.ps1'
[0.849s] INFO:colcon.colcon_core.shell:Creating prefix util module '/workspace/b2_ws/install/_local_setup_util_ps1.py'
[0.850s] INFO:colcon.colcon_core.shell:Creating prefix chain script '/workspace/b2_ws/install/setup.ps1'
[0.851s] INFO:colcon.colcon_core.shell:Creating prefix script '/workspace/b2_ws/install/local_setup.sh'
[0.852s] INFO:colcon.colcon_core.shell:Creating prefix util module '/workspace/b2_ws/install/_local_setup_util_sh.py'
[0.853s] INFO:colcon.colcon_core.shell:Creating prefix chain script '/workspace/b2_ws/install/setup.sh'
[0.853s] INFO:colcon.colcon_core.shell:Creating prefix script '/workspace/b2_ws/install/local_setup.bash'
[0.854s] INFO:colcon.colcon_core.shell:Creating prefix chain script '/workspace/b2_ws/install/setup.bash'
[0.854s] INFO:colcon.colcon_core.shell:Creating prefix script '/workspace/b2_ws/install/local_setup.zsh'
[0.854s] INFO:colcon.colcon_core.shell:Creating prefix chain script '/workspace/b2_ws/install/setup.zsh'
